<?xml version="1.0" encoding="UTF-8"?>
<!-- Generated by org.testng.reporters.JUnitReportReporter -->
<testsuite skipped="0" hostname="Harveen-Lap" name="academy.ValidateNavigationBarTest" tests="3" failures="0" timestamp="2021-08-27T17:30:28 IST" time="2.073" errors="0">
  <testcase name="printAllHeaderLinksTitle" time="0.116" classname="academy.ValidateNavigationBarTest"/>
  <system-out/>
  <testcase name="printAllLinksTitle" time="1.710" classname="academy.ValidateNavigationBarTest"/>
  <system-out/>
  <testcase name="is_Contact_Present_NavigationBar" time="0.247" classname="academy.ValidateNavigationBarTest"/>
  <system-out/>
</testsuite> <!-- academy.ValidateNavigationBarTest -->
