<?xml version="1.0" encoding="UTF-8"?>
<!-- Generated by org.testng.reporters.JUnitReportReporter -->
<testsuite skipped="0" hostname="Harveen-Lap" name="academy.HomePageTest" tests="2" failures="0" timestamp="2021-08-27T17:30:28 IST" time="11.017" errors="0">
  <testcase name="basePageNavigation" time="6.597" classname="academy.HomePageTest"/>
  <system-out/>
  <testcase name="basePageNavigation" time="4.420" classname="academy.HomePageTest"/>
  <system-out/>
</testsuite> <!-- academy.HomePageTest -->
