<?xml version="1.0" encoding="UTF-8"?>
<!-- Generated by org.testng.reporters.JUnitReportReporter -->
<testsuite skipped="0" hostname="Harveen-Lap" name="academy.ValidateTitleTest" tests="1" failures="0" timestamp="2021-08-27T17:30:28 IST" time="0.084" errors="0">
  <testcase name="basePageNavigation" time="0.084" classname="academy.ValidateTitleTest"/>
  <system-out/>
</testsuite> <!-- academy.ValidateTitleTest -->
